<?xml version="1.0" encoding="UTF-8"?>
<!-- Generated by org.testng.reporters.JUnitXMLReporter -->
<testsuite ignored="0" hostname="DESKTOP-44FS5M2" failures="0" tests="7" name="Default test" time="4.771" errors="0" timestamp="2024-10-26T15:53:28 EET">
  <testcase classname="homePage.myTestcases" name="CheckTheDefaultLanguageIsEnglish" time="0.094"/>
  <testcase classname="homePage.myTestcases" name="CheckDefaultCurrency" time="0.044"/>
  <testcase classname="homePage.myTestcases" name="CheckContactNumber" time="0.024"/>
  <testcase classname="homePage.myTestcases" name="CheckQitafLogo" time="0.055"/>
  <testcase classname="homePage.myTestcases" name="TestHotelTabNotSelected" time="0.029"/>
  <testcase classname="homePage.myTestcases" name="CheckDepatureDate" time="0.036"/>
  <testcase classname="homePage.myTestcases" name="RandomChangeTheLanguage" time="0.799"/>
</testsuite> <!-- Default test -->
