<?xml version="1.0" encoding="UTF-8"?>
<!-- Generated by org.testng.reporters.JUnitXMLReporter -->
<testsuite ignored="0" hostname="DESKTOP-44FS5M2" failures="0" tests="4" name="Default test" time="4.881" errors="0" timestamp="2024-10-26T10:28:11 EET">
  <testcase classname="homePage.myTestcases" name="CheckTheDefaultLanguageIsEnglish" time="0.068"/>
  <testcase classname="homePage.myTestcases" name="CheckDefaultCurrency" time="0.045"/>
  <testcase classname="homePage.myTestcases" name="CheckContactNumber" time="0.022"/>
  <testcase classname="homePage.myTestcases" name="CheckQitafLogo" time="0.053"/>
</testsuite> <!-- Default test -->
